<?xml version="1.0" encoding="UTF-8"?>
<!-- Generated by org.testng.reporters.JUnitReportReporter -->
<testsuite hostname="Srujan-PC" name="com.craigsappl.api.test.CraigsApplApiTesting" tests="1" failures="0" timestamp="16 Jul 2018 22:01:36 GMT" time="63.000" errors="0">
  <testcase name="craigListApplApitest" time="63.000" classname="com.craigsappl.api.test.CraigsApplApiTesting"/>
</testsuite> <!-- com.craigsappl.api.test.CraigsApplApiTesting -->
