<?xml version="1.0" encoding="UTF-8"?>
<!-- Generated by org.testng.reporters.JUnitReportReporter -->
<testsuite hostname="Srujan-PC" name="com.craigsappl.api.testing.CraigsApplApiTesting" tests="1" failures="0" timestamp="16 Jul 2018 20:36:40 GMT" time="62.760" errors="0">
  <testcase name="craigListApplApitest" time="62.760" classname="com.craigsappl.api.testing.CraigsApplApiTesting"/>
</testsuite> <!-- com.craigsappl.api.testing.CraigsApplApiTesting -->
