<?xml version="1.0" encoding="UTF-8"?>
<!-- Generated by org.testng.reporters.JUnitReportReporter -->
<testsuite hostname="Srujan-PC" name="com.craigsappl.ui.testing.CraigsApplUITest" tests="2" failures="0" timestamp="16 Jul 2018 20:36:40 GMT" time="15.043" errors="0">
  <testcase name="loginToAppl" time="10.853" classname="com.craigsappl.ui.testing.CraigsApplUITest"/>
  <testcase name="verifyAndDeleteUpdatedVehicleVal" time="4.190" classname="com.craigsappl.ui.testing.CraigsApplUITest"/>
</testsuite> <!-- com.craigsappl.ui.testing.CraigsApplUITest -->
