<?xml version="1.0" encoding="UTF-8"?>
<!-- Generated by org.testng.reporters.JUnitReportReporter -->
<testsuite hostname="Srujan-PC" name="com.craigsappl.api.test.CraigsApplAPITest" tests="1" failures="0" timestamp="17 Jul 2018 04:58:39 GMT" time="90.875" errors="0">
  <testcase name="craigListApplApitest" time="90.875" classname="com.craigsappl.api.test.CraigsApplAPITest"/>
</testsuite> <!-- com.craigsappl.api.test.CraigsApplAPITest -->
